Using pre-set license
Built from '2020.3/release' branch; Version is '2020.3.1f1 (77a89f25062f) revision 7841951'; Using compiler version '192528614'; Build Type 'Release'
OS: 'Windows 10 Pro; OS build 19041.1052; Version 2004; 64bit' Language: 'en' Physical Memory: 24506 MB
BatchMode: 1, IsHumanControllingUs: 0, StartBugReporterOnCrash: 0, Is64bit: 1, IsPro: 0

 COMMAND LINE ARGUMENTS:
F:\Progam Files\UnityHub\2020.3.1f1\Editor\Unity.exe
-adb2
-batchMode
-noUpm
-name
AssetImportWorker0
-projectPath
G:/UnityProjects/PlaceholdernatorTitle3000
-logFile
Logs/AssetImportWorker0.log
-srvPort
6339
Successfully changed project path to: G:/UnityProjects/PlaceholdernatorTitle3000
G:/UnityProjects/PlaceholdernatorTitle3000
Using Asset Import Pipeline V2.
Refreshing native plugins compatible for Editor in 18.47 ms, found 0 plugins.
Preloading 0 native plugins for Editor in 0.00 ms.
Initialize engine version: 2020.3.1f1 (77a89f25062f)
[Subsystems] Discovering subsystems at path F:/Progam Files/UnityHub/2020.3.1f1/Editor/Data/Resources/UnitySubsystems
[Subsystems] Discovering subsystems at path G:/UnityProjects/PlaceholdernatorTitle3000/Assets
GfxDevice: creating device client; threaded=0
Direct3D:
    Version:  Direct3D 11.0 [level 11.1]
    Renderer: NVIDIA GeForce GTX 1070 Ti (ID=0x1b82)
    Vendor:   
    VRAM:     8079 MB
    Driver:   27.21.14.6627
Initialize mono
Mono path[0] = 'F:/Progam Files/UnityHub/2020.3.1f1/Editor/Data/Managed'
Mono path[1] = 'F:/Progam Files/UnityHub/2020.3.1f1/Editor/Data/MonoBleedingEdge/lib/mono/unityjit'
Mono config path = 'F:/Progam Files/UnityHub/2020.3.1f1/Editor/Data/MonoBleedingEdge/etc'
Using monoOptions --debugger-agent=transport=dt_socket,embedding=1,server=y,suspend=n,address=127.0.0.1:56580
Begin MonoManager ReloadAssembly
Registering precompiled unity dll's ...
Register platform support module: F:/Progam Files/UnityHub/2020.3.1f1/Editor/Data/PlaybackEngines/WebGLSupport/UnityEditor.WebGL.Extensions.dll
Register platform support module: F:/Progam Files/UnityHub/2020.3.1f1/Editor/Data/PlaybackEngines/WindowsStandaloneSupport/UnityEditor.WindowsStandalone.Extensions.dll
Registered in 0.001072 seconds.
Native extension for WindowsStandalone target not found
Native extension for WebGL target not found
Refreshing native plugins compatible for Editor in 19.45 ms, found 0 plugins.
Preloading 0 native plugins for Editor in 0.00 ms.
Invoked RoslynAnalysisRunner static constructor.
RoslynAnalysisRunner will not be running.
RoslynAnalysisRunner has terminated.
Mono: successfully reloaded assembly
- Completed reload, in  0.885 seconds
Platform modules already initialized, skipping
Registering precompiled user dll's ...
Registered in 0.000415 seconds.
Begin MonoManager ReloadAssembly
Native extension for WindowsStandalone target not found
Native extension for WebGL target not found
Refreshing native plugins compatible for Editor in 0.18 ms, found 0 plugins.
Preloading 0 native plugins for Editor in 0.00 ms.
Invoked RoslynAnalysisRunner static constructor.
RoslynAnalysisRunner will not be running.
RoslynAnalysisRunner has terminated.
Mono: successfully reloaded assembly
- Completed reload, in  0.634 seconds
Platform modules already initialized, skipping
========================================================================
Worker process is ready to serve import requests
Launched and connected shader compiler UnityShaderCompiler.exe after 0.03 seconds
Refreshing native plugins compatible for Editor in 0.17 ms, found 0 plugins.
Preloading 0 native plugins for Editor in 0.00 ms.
Unloading 1113 Unused Serialized files (Serialized files now loaded: 0)
System memory in use before: 57.6 MB.
System memory in use after: 57.6 MB.

Unloading 10 unused Assets to reduce memory usage. Loaded Objects now: 1555.
Total: 1.258100 ms (FindLiveObjects: 0.104100 ms CreateObjectMapping: 0.029800 ms MarkObjects: 1.061200 ms  DeleteObjects: 0.062100 ms)

========================================================================
Received Import Request.
  path: Assets/Art/Character Model
  artifactKey: Guid(5885822f333cc10429427e414a0fe809) Importer(815301076,1909f56bfc062723c751e8b465ee728b)
Start importing Assets/Art/Character Model using Guid(5885822f333cc10429427e414a0fe809) Importer(815301076,1909f56bfc062723c751e8b465ee728b)  -> (artifact id: '165e8d7e84f8b197c9975fa119c019aa') in 0.005746 seconds
  Import took 0.007363 seconds .

========================================================================
Received Import Request.
  Time since last request: 2.352611 seconds.
  path: Assets/Art/Character Model
  artifactKey: Guid(5885822f333cc10429427e414a0fe809) Importer(815301076,1909f56bfc062723c751e8b465ee728b)
Start importing Assets/Art/Character Model using Guid(5885822f333cc10429427e414a0fe809) Importer(815301076,1909f56bfc062723c751e8b465ee728b)  -> (artifact id: '165e8d7e84f8b197c9975fa119c019aa') in 0.011617 seconds
  Import took 0.013191 seconds .

